Watching for file changes with StatReloader
Watching for file changes with StatReloader
Not Found: /
"GET / HTTP/1.1" 404 179
Not Found: /favicon.ico
"GET /favicon.ico HTTP/1.1" 404 179
"GET /admin/ HTTP/1.1" 302 0
"GET /admin/login/?next=/admin/ HTTP/1.1" 200 4181
Not Found: /static/admin/css/base.css
Not Found: /static/admin/css/dark_mode.css
Not Found: /static/admin/css/nav_sidebar.css
"GET /static/admin/css/base.css HTTP/1.1" 404 179
"GET /static/admin/css/dark_mode.css HTTP/1.1" 404 179
"GET /static/admin/css/nav_sidebar.css HTTP/1.1" 404 179
Not Found: /static/admin/css/login.css
"GET /static/admin/css/login.css HTTP/1.1" 404 179
Not Found: /static/admin/css/responsive.css
Not Found: /static/admin/js/theme.js
"GET /static/admin/css/responsive.css HTTP/1.1" 404 179
"GET /static/admin/js/theme.js HTTP/1.1" 404 179
Not Found: /static/admin/js/nav_sidebar.js
"GET /static/admin/js/nav_sidebar.js HTTP/1.1" 404 179
Not Found: /favicon.ico
"GET /favicon.ico HTTP/1.1" 404 179
"GET /api/auth/register HTTP/1.1" 301 0
Method Not Allowed: /api/auth/register/
"GET /api/auth/register/ HTTP/1.1" 405 5658
Not Found: /static/rest_framework/css/bootstrap.min.css
Not Found: /static/rest_framework/css/bootstrap-tweaks.css
"GET /static/rest_framework/css/bootstrap.min.css HTTP/1.1" 404 179
"GET /static/rest_framework/css/bootstrap-tweaks.css HTTP/1.1" 404 179
Not Found: /static/rest_framework/js/csrf.js
"GET /static/rest_framework/js/csrf.js HTTP/1.1" 404 179
Not Found: /static/rest_framework/js/bootstrap.min.js
"GET /static/rest_framework/js/bootstrap.min.js HTTP/1.1" 404 179
Not Found: /static/rest_framework/js/ajax-form.js
Not Found: /static/rest_framework/js/prettify-min.js
Not Found: /static/rest_framework/js/jquery-3.7.1.min.js
Not Found: /static/rest_framework/js/default.js
"GET /static/rest_framework/js/prettify-min.js HTTP/1.1" 404 179
"GET /static/rest_framework/js/ajax-form.js HTTP/1.1" 404 179
"GET /static/rest_framework/js/default.js HTTP/1.1" 404 179
Not Found: /static/rest_framework/js/load-ajax-form.js
"GET /static/rest_framework/js/jquery-3.7.1.min.js HTTP/1.1" 404 179
"GET /static/rest_framework/js/load-ajax-form.js HTTP/1.1" 404 179
Not Found: /static/rest_framework/css/default.css
"GET /static/rest_framework/css/default.css HTTP/1.1" 404 179
Not Found: /static/rest_framework/css/prettify.css
"GET /static/rest_framework/css/prettify.css HTTP/1.1" 404 179
Not Found: /favicon.ico
"GET /favicon.ico HTTP/1.1" 404 179
Method Not Allowed: /api/auth/register/
"GET /api/auth/register/ HTTP/1.1" 405 5658
Not Found: /static/rest_framework/css/bootstrap.min.css
"GET /static/rest_framework/css/bootstrap.min.css HTTP/1.1" 404 179
Not Found: /static/rest_framework/css/bootstrap-tweaks.css
"GET /static/rest_framework/css/bootstrap-tweaks.css HTTP/1.1" 404 179
Not Found: /static/rest_framework/css/prettify.css
Not Found: /static/rest_framework/css/default.css
"GET /static/rest_framework/css/prettify.css HTTP/1.1" 404 179
"GET /static/rest_framework/css/default.css HTTP/1.1" 404 179
Not Found: /static/rest_framework/js/jquery-3.7.1.min.js
Not Found: /static/rest_framework/js/ajax-form.js
Not Found: /static/rest_framework/js/csrf.js
Not Found: /static/rest_framework/js/bootstrap.min.js
"GET /static/rest_framework/js/jquery-3.7.1.min.js HTTP/1.1" 404 179
"GET /static/rest_framework/js/ajax-form.js HTTP/1.1" 404 179
"GET /static/rest_framework/js/csrf.js HTTP/1.1" 404 179
"GET /static/rest_framework/js/bootstrap.min.js HTTP/1.1" 404 179
Not Found: /static/rest_framework/js/prettify-min.js
Not Found: /static/rest_framework/js/default.js
"GET /static/rest_framework/js/prettify-min.js HTTP/1.1" 404 179
"GET /static/rest_framework/js/default.js HTTP/1.1" 404 179
Not Found: /static/rest_framework/js/load-ajax-form.js
"GET /static/rest_framework/js/load-ajax-form.js HTTP/1.1" 404 179
Not Found: /favicon.ico
"GET /favicon.ico HTTP/1.1" 404 179
"OPTIONS /api/auth/register/ HTTP/1.1" 200 0
"OPTIONS /api/auth/register/ HTTP/1.1" 200 0
"OPTIONS /api/auth/register/ HTTP/1.1" 200 0
"OPTIONS /api/auth/register/ HTTP/1.1" 200 0
Watching for file changes with StatReloader
Not Found: /
"GET / HTTP/1.1" 404 179
Not Found: /favicon.ico
"GET /favicon.ico HTTP/1.1" 404 179
"GET /admin/ HTTP/1.1" 302 0
"GET /admin/login/?next=/admin/ HTTP/1.1" 200 4181
Not Found: /static/admin/css/base.css
Not Found: /static/admin/css/dark_mode.css
"GET /static/admin/css/base.css HTTP/1.1" 404 179
"GET /static/admin/css/dark_mode.css HTTP/1.1" 404 179
Not Found: /static/admin/css/nav_sidebar.css
"GET /static/admin/css/nav_sidebar.css HTTP/1.1" 404 179
Not Found: /static/admin/css/login.css
"GET /static/admin/css/login.css HTTP/1.1" 404 179
Not Found: /static/admin/css/responsive.css
"GET /static/admin/css/responsive.css HTTP/1.1" 404 179
Not Found: /static/admin/js/theme.js
"GET /static/admin/js/theme.js HTTP/1.1" 404 179
Not Found: /static/admin/js/nav_sidebar.js
"GET /static/admin/js/nav_sidebar.js HTTP/1.1" 404 179
Not Found: /favicon.ico
"GET /favicon.ico HTTP/1.1" 404 179
"GET /admin/ HTTP/1.1" 302 0
"GET /admin/login/?next=/admin/ HTTP/1.1" 200 4181
Not Found: /static/admin/css/base.css
"GET /static/admin/css/base.css HTTP/1.1" 404 179
Not Found: /static/admin/css/dark_mode.css
Not Found: /static/admin/css/nav_sidebar.css
"GET /static/admin/css/dark_mode.css HTTP/1.1" 404 179
"GET /static/admin/css/nav_sidebar.css HTTP/1.1" 404 179
Not Found: /static/admin/js/nav_sidebar.js
"GET /static/admin/js/nav_sidebar.js HTTP/1.1" 404 179
Not Found: /static/admin/css/login.css
"GET /static/admin/css/login.css HTTP/1.1" 404 179
Not Found: /static/admin/css/responsive.css
"GET /static/admin/css/responsive.css HTTP/1.1" 404 179
Not Found: /static/admin/js/theme.js
"GET /static/admin/js/theme.js HTTP/1.1" 404 179
Not Found: /favicon.ico
"GET /favicon.ico HTTP/1.1" 404 179
"POST /admin/login/?next=/admin/ HTTP/1.1" 200 4350
Not Found: /static/admin/css/base.css
"GET /static/admin/css/base.css HTTP/1.1" 404 179
Not Found: /static/admin/css/dark_mode.css
Not Found: /static/admin/css/nav_sidebar.css
Not Found: /static/admin/css/login.css
Not Found: /static/admin/css/responsive.css
Not Found: /static/admin/js/theme.js
Not Found: /static/admin/js/nav_sidebar.js
"GET /static/admin/css/dark_mode.css HTTP/1.1" 404 179
"GET /static/admin/css/nav_sidebar.css HTTP/1.1" 404 179
"GET /static/admin/css/login.css HTTP/1.1" 404 179
"GET /static/admin/css/responsive.css HTTP/1.1" 404 179
"GET /static/admin/js/theme.js HTTP/1.1" 404 179
"GET /static/admin/js/nav_sidebar.js HTTP/1.1" 404 179
Not Found: /favicon.ico
"GET /favicon.ico HTTP/1.1" 404 179
"POST /admin/login/?next=/admin/ HTTP/1.1" 200 4350
Not Found: /static/admin/css/base.css
Not Found: /static/admin/css/dark_mode.css
Not Found: /static/admin/css/nav_sidebar.css
Not Found: /static/admin/css/login.css
Not Found: /static/admin/css/responsive.css
Not Found: /static/admin/js/theme.js
"GET /static/admin/css/base.css HTTP/1.1" 404 179
"GET /static/admin/css/dark_mode.css HTTP/1.1" 404 179
"GET /static/admin/css/nav_sidebar.css HTTP/1.1" 404 179
"GET /static/admin/css/login.css HTTP/1.1" 404 179
"GET /static/admin/css/responsive.css HTTP/1.1" 404 179
"GET /static/admin/js/theme.js HTTP/1.1" 404 179
Not Found: /static/admin/js/nav_sidebar.js
"GET /static/admin/js/nav_sidebar.js HTTP/1.1" 404 179
Not Found: /favicon.ico
"GET /favicon.ico HTTP/1.1" 404 179
"POST /admin/login/?next=/admin/ HTTP/1.1" 200 4350
Not Found: /static/admin/css/base.css
"GET /static/admin/css/base.css HTTP/1.1" 404 179
Not Found: /static/admin/css/dark_mode.css
"GET /static/admin/css/dark_mode.css HTTP/1.1" 404 179
Not Found: /static/admin/css/nav_sidebar.css
"GET /static/admin/css/nav_sidebar.css HTTP/1.1" 404 179
Not Found: /static/admin/css/login.css
Not Found: /static/admin/css/responsive.css
Not Found: /static/admin/js/theme.js
"GET /static/admin/css/login.css HTTP/1.1" 404 179
"GET /static/admin/css/responsive.css HTTP/1.1" 404 179
"GET /static/admin/js/theme.js HTTP/1.1" 404 179
Not Found: /static/admin/js/nav_sidebar.js
"GET /static/admin/js/nav_sidebar.js HTTP/1.1" 404 179
Not Found: /favicon.ico
"GET /favicon.ico HTTP/1.1" 404 179
"POST /admin/login/?next=/admin/ HTTP/1.1" 200 4347
Not Found: /static/admin/css/base.css
Not Found: /static/admin/css/dark_mode.css
Not Found: /static/admin/css/nav_sidebar.css
Not Found: /static/admin/css/login.css
Not Found: /static/admin/css/responsive.css
Not Found: /static/admin/js/theme.js
"GET /static/admin/css/base.css HTTP/1.1" 404 179
"GET /static/admin/css/dark_mode.css HTTP/1.1" 404 179
"GET /static/admin/css/nav_sidebar.css HTTP/1.1" 404 179
"GET /static/admin/css/login.css HTTP/1.1" 404 179
"GET /static/admin/css/responsive.css HTTP/1.1" 404 179
"GET /static/admin/js/theme.js HTTP/1.1" 404 179
Not Found: /static/admin/js/nav_sidebar.js
"GET /static/admin/js/nav_sidebar.js HTTP/1.1" 404 179
Not Found: /favicon.ico
"GET /favicon.ico HTTP/1.1" 404 179
"POST /admin/login/?next=/admin/ HTTP/1.1" 200 4347
Not Found: /static/admin/css/base.css
Not Found: /static/admin/css/dark_mode.css
Not Found: /static/admin/css/login.css
Not Found: /static/admin/css/nav_sidebar.css
Not Found: /static/admin/css/responsive.css
Not Found: /static/admin/js/theme.js
"GET /static/admin/css/dark_mode.css HTTP/1.1" 404 179
"GET /static/admin/css/login.css HTTP/1.1" 404 179
"GET /static/admin/css/nav_sidebar.css HTTP/1.1" 404 179
"GET /static/admin/css/responsive.css HTTP/1.1" 404 179
"GET /static/admin/js/theme.js HTTP/1.1" 404 179
"GET /static/admin/css/base.css HTTP/1.1" 404 179
Not Found: /static/admin/js/nav_sidebar.js
"GET /static/admin/js/nav_sidebar.js HTTP/1.1" 404 179
Not Found: /favicon.ico
"GET /favicon.ico HTTP/1.1" 404 179
C:\Users\Dell\Documents\React\Sample\backend\bui_transport\settings.py changed, reloading.
Watching for file changes with StatReloader
C:\Users\Dell\Documents\React\Sample\backend\bui_transport\settings.py changed, reloading.
Watching for file changes with StatReloader
Watching for file changes with StatReloader
Not Found: /
"GET / HTTP/1.1" 404 179
Not Found: /favicon.ico
"GET /favicon.ico HTTP/1.1" 404 179
"GET /admin/ HTTP/1.1" 302 0
"GET /admin/login/?next=/admin/ HTTP/1.1" 200 4181
Not Found: /static/admin/css/base.css
Not Found: /static/admin/css/dark_mode.css
"GET /static/admin/css/base.css HTTP/1.1" 404 179
"GET /static/admin/css/dark_mode.css HTTP/1.1" 404 179
Not Found: /static/admin/css/nav_sidebar.css
"GET /static/admin/css/nav_sidebar.css HTTP/1.1" 404 179
Not Found: /static/admin/css/login.css
Not Found: /static/admin/css/responsive.css
Not Found: /static/admin/js/theme.js
"GET /static/admin/css/login.css HTTP/1.1" 404 179
"GET /static/admin/css/responsive.css HTTP/1.1" 404 179
"GET /static/admin/js/theme.js HTTP/1.1" 404 179
Not Found: /static/admin/js/nav_sidebar.js
"GET /static/admin/js/nav_sidebar.js HTTP/1.1" 404 179
Not Found: /favicon.ico
"GET /favicon.ico HTTP/1.1" 404 179
"OPTIONS /api/auth/register/ HTTP/1.1" 200 0
"OPTIONS /api/auth/login/ HTTP/1.1" 200 0
Bad Request: /api/auth/login/
"POST /api/auth/login/ HTTP/1.1" 400 45
"OPTIONS /api/auth/register/ HTTP/1.1" 200 0
"POST /api/auth/register/ HTTP/1.1" 201 897
"OPTIONS /api/dashboard/stats/ HTTP/1.1" 200 0
"OPTIONS /api/dashboard/stats/ HTTP/1.1" 200 0
Not Found: /api/dashboard/stats/
"GET /api/dashboard/stats/ HTTP/1.1" 404 179
"OPTIONS /api/bookings/my-bookings/?limit=5 HTTP/1.1" 200 0
"OPTIONS /api/bookings/my-bookings/?limit=5 HTTP/1.1" 200 0
Not Found: /api/bookings/my-bookings/
"GET /api/bookings/my-bookings/?limit=5 HTTP/1.1" 404 179
Not Found: /api/dashboard/stats/
"GET /api/dashboard/stats/ HTTP/1.1" 404 179
Not Found: /api/bookings/my-bookings/
"GET /api/bookings/my-bookings/?limit=5 HTTP/1.1" 404 179
"OPTIONS /api/transport/options/ HTTP/1.1" 200 0
"OPTIONS /api/transport/options/ HTTP/1.1" 200 0
"GET /api/transport/options/ HTTP/1.1" 200 52
"GET /api/transport/options/ HTTP/1.1" 200 52
Not Found: /api/dashboard/stats/
Not Found: /api/bookings/my-bookings/
"GET /api/dashboard/stats/ HTTP/1.1" 404 179
"GET /api/bookings/my-bookings/?limit=5 HTTP/1.1" 404 179
Not Found: /api/dashboard/stats/
"GET /api/dashboard/stats/ HTTP/1.1" 404 179
Not Found: /api/bookings/my-bookings/
"GET /api/bookings/my-bookings/?limit=5 HTTP/1.1" 404 179
"GET /api/transport/options/ HTTP/1.1" 200 52
"GET /api/transport/options/ HTTP/1.1" 200 52
Not Found: /api/dashboard/stats/
"GET /api/dashboard/stats/ HTTP/1.1" 404 179
Not Found: /api/bookings/my-bookings/
Not Found: /api/dashboard/stats/
"GET /api/bookings/my-bookings/?limit=5 HTTP/1.1" 404 179
"GET /api/dashboard/stats/ HTTP/1.1" 404 179
Not Found: /api/bookings/my-bookings/
"GET /api/bookings/my-bookings/?limit=5 HTTP/1.1" 404 179
"GET /api/transport/options/ HTTP/1.1" 200 52
"GET /api/transport/options/ HTTP/1.1" 200 52
Not Found: /api/dashboard/stats/
Not Found: /api/bookings/my-bookings/
"GET /api/dashboard/stats/ HTTP/1.1" 404 179
"GET /api/bookings/my-bookings/?limit=5 HTTP/1.1" 404 179
Not Found: /api/dashboard/stats/
"GET /api/dashboard/stats/ HTTP/1.1" 404 179
Not Found: /api/bookings/my-bookings/
"GET /api/bookings/my-bookings/?limit=5 HTTP/1.1" 404 179
"OPTIONS /api/bookings/my-bookings/ HTTP/1.1" 200 0
"OPTIONS /api/bookings/my-bookings/ HTTP/1.1" 200 0
Not Found: /api/bookings/my-bookings/
"GET /api/bookings/my-bookings/ HTTP/1.1" 404 179
Not Found: /api/bookings/my-bookings/
"GET /api/bookings/my-bookings/ HTTP/1.1" 404 179
Not Found: /api/dashboard/stats/
Not Found: /api/bookings/my-bookings/
"GET /api/dashboard/stats/ HTTP/1.1" 404 179
"GET /api/bookings/my-bookings/?limit=5 HTTP/1.1" 404 179
Not Found: /api/dashboard/stats/
"GET /api/dashboard/stats/ HTTP/1.1" 404 179
Not Found: /api/bookings/my-bookings/
"GET /api/bookings/my-bookings/?limit=5 HTTP/1.1" 404 179
Not Found: /api/bookings/my-bookings/
"GET /api/bookings/my-bookings/ HTTP/1.1" 404 179
Not Found: /api/bookings/my-bookings/
"GET /api/bookings/my-bookings/ HTTP/1.1" 404 179
Not Found: /api/dashboard/stats/
"GET /api/dashboard/stats/ HTTP/1.1" 404 179
Not Found: /api/bookings/my-bookings/
Not Found: /api/dashboard/stats/
"GET /api/bookings/my-bookings/?limit=5 HTTP/1.1" 404 179
"GET /api/dashboard/stats/ HTTP/1.1" 404 179
Not Found: /api/bookings/my-bookings/
"GET /api/bookings/my-bookings/?limit=5 HTTP/1.1" 404 179
"OPTIONS /api/auth/user/ HTTP/1.1" 200 0
"OPTIONS /api/users/profile/ HTTP/1.1" 200 0
"OPTIONS /api/users/profile/ HTTP/1.1" 200 0
Not Found: /api/auth/user/
Not Found: /api/users/profile/
"GET /api/auth/user/ HTTP/1.1" 404 179
"GET /api/users/profile/ HTTP/1.1" 404 179
Not Found: /api/auth/user/
"GET /api/auth/user/ HTTP/1.1" 404 179
Not Found: /api/users/profile/
"GET /api/users/profile/ HTTP/1.1" 404 179
Bad Request: /api/auth/login/
"POST /api/auth/login/ HTTP/1.1" 400 45
"POST /api/auth/login/ HTTP/1.1" 200 885
Not Found: /api/dashboard/stats/
Not Found: /api/bookings/my-bookings/
"GET /api/dashboard/stats/ HTTP/1.1" 404 179
"GET /api/bookings/my-bookings/?limit=5 HTTP/1.1" 404 179
Not Found: /api/dashboard/stats/
Not Found: /api/bookings/my-bookings/
"GET /api/dashboard/stats/ HTTP/1.1" 404 179
"GET /api/bookings/my-bookings/?limit=5 HTTP/1.1" 404 179
"GET /api/transport/options/ HTTP/1.1" 200 52
"GET /api/transport/options/ HTTP/1.1" 200 52
Not Found: /api/dashboard/stats/
Not Found: /api/bookings/my-bookings/
"GET /api/dashboard/stats/ HTTP/1.1" 404 179
"GET /api/bookings/my-bookings/?limit=5 HTTP/1.1" 404 179
Not Found: /api/dashboard/stats/
"GET /api/dashboard/stats/ HTTP/1.1" 404 179
Not Found: /api/bookings/my-bookings/
"GET /api/bookings/my-bookings/?limit=5 HTTP/1.1" 404 179
Not Found: /api/auth/user/
"GET /api/auth/user/ HTTP/1.1" 404 179
Not Found: /api/auth/user/
"GET /api/auth/user/ HTTP/1.1" 404 179
"POST /api/auth/login/ HTTP/1.1" 200 885
Not Found: /api/dashboard/stats/
"GET /api/dashboard/stats/ HTTP/1.1" 404 179
Not Found: /api/dashboard/stats/
"GET /api/dashboard/stats/ HTTP/1.1" 404 179
Not Found: /api/bookings/my-bookings/
"GET /api/bookings/my-bookings/?limit=5 HTTP/1.1" 404 179
Not Found: /api/bookings/my-bookings/
"GET /api/bookings/my-bookings/?limit=5 HTTP/1.1" 404 179
Not Found: /api/bookings/my-bookings/
"GET /api/bookings/my-bookings/ HTTP/1.1" 404 179
Not Found: /api/bookings/my-bookings/
"GET /api/bookings/my-bookings/ HTTP/1.1" 404 179
Not Found: /api/dashboard/stats/
Not Found: /api/bookings/my-bookings/
"GET /api/dashboard/stats/ HTTP/1.1" 404 179
"GET /api/bookings/my-bookings/?limit=5 HTTP/1.1" 404 179
Not Found: /api/dashboard/stats/
Not Found: /api/bookings/my-bookings/
"GET /api/dashboard/stats/ HTTP/1.1" 404 179
"GET /api/bookings/my-bookings/?limit=5 HTTP/1.1" 404 179
Not Found: /api/bookings/my-bookings/
"GET /api/bookings/my-bookings/ HTTP/1.1" 404 179
Not Found: /api/bookings/my-bookings/
"GET /api/bookings/my-bookings/ HTTP/1.1" 404 179
Not Found: /api/dashboard/stats/
"GET /api/dashboard/stats/ HTTP/1.1" 404 179
Not Found: /api/bookings/my-bookings/
"GET /api/bookings/my-bookings/?limit=5 HTTP/1.1" 404 179
Not Found: /api/dashboard/stats/
"GET /api/dashboard/stats/ HTTP/1.1" 404 179
Not Found: /api/bookings/my-bookings/
"GET /api/bookings/my-bookings/?limit=5 HTTP/1.1" 404 179
"GET /api/transport/options/ HTTP/1.1" 200 52
"GET /api/transport/options/ HTTP/1.1" 200 52
Not Found: /api/bookings/my-bookings/
"GET /api/bookings/my-bookings/ HTTP/1.1" 404 179
Not Found: /api/bookings/my-bookings/
"GET /api/bookings/my-bookings/ HTTP/1.1" 404 179
Not Found: /api/auth/user/
Not Found: /api/users/profile/
"GET /api/auth/user/ HTTP/1.1" 404 179
"GET /api/users/profile/ HTTP/1.1" 404 179
Not Found: /api/auth/user/
"GET /api/auth/user/ HTTP/1.1" 404 179
Not Found: /api/users/profile/
"GET /api/users/profile/ HTTP/1.1" 404 179
Not Found: /api/bookings/my-bookings/
"GET /api/bookings/my-bookings/ HTTP/1.1" 404 179
Not Found: /api/bookings/my-bookings/
"GET /api/bookings/my-bookings/ HTTP/1.1" 404 179
"GET /api/transport/options/ HTTP/1.1" 200 52
"GET /api/transport/options/ HTTP/1.1" 200 52
Not Found: /api/dashboard/stats/
Not Found: /api/bookings/my-bookings/
"GET /api/dashboard/stats/ HTTP/1.1" 404 179
"GET /api/bookings/my-bookings/?limit=5 HTTP/1.1" 404 179
Not Found: /api/dashboard/stats/
Not Found: /api/bookings/my-bookings/
"GET /api/dashboard/stats/ HTTP/1.1" 404 179
"GET /api/bookings/my-bookings/?limit=5 HTTP/1.1" 404 179
"GET /api/transport/options/ HTTP/1.1" 200 52
"GET /api/transport/options/ HTTP/1.1" 200 52
"GET /api/transport/options/ HTTP/1.1" 200 52
"GET /api/transport/options/ HTTP/1.1" 200 52
"POST /api/auth/login/ HTTP/1.1" 200 885
Not Found: /api/dashboard/stats/
Not Found: /api/bookings/my-bookings/
"GET /api/dashboard/stats/ HTTP/1.1" 404 179
"GET /api/bookings/my-bookings/?limit=5 HTTP/1.1" 404 179
Not Found: /api/dashboard/stats/
Not Found: /api/bookings/my-bookings/
"GET /api/dashboard/stats/ HTTP/1.1" 404 179
"GET /api/bookings/my-bookings/?limit=5 HTTP/1.1" 404 179
Not Found: /api/auth/user/
Not Found: /api/users/profile/
"GET /api/auth/user/ HTTP/1.1" 404 179
"GET /api/users/profile/ HTTP/1.1" 404 179
Not Found: /api/users/profile/
Not Found: /api/auth/user/
"GET /api/users/profile/ HTTP/1.1" 404 179
"GET /api/auth/user/ HTTP/1.1" 404 179
Watching for file changes with StatReloader
Bad Request: /api/auth/login/
"POST /api/auth/login/ HTTP/1.1" 400 45
Bad Request: /api/auth/login/
"POST /api/auth/login/ HTTP/1.1" 400 45
Bad Request: /api/auth/register/
"POST /api/auth/register/ HTTP/1.1" 400 155
Bad Request: /api/auth/register/
"POST /api/auth/register/ HTTP/1.1" 400 155
Bad Request: /api/auth/register/
"POST /api/auth/register/ HTTP/1.1" 400 155
Bad Request: /api/auth/register/
"POST /api/auth/register/ HTTP/1.1" 400 176
Watching for file changes with StatReloader
"OPTIONS /api/auth/register/ HTTP/1.1" 200 0
Bad Request: /api/auth/register/
"POST /api/auth/register/ HTTP/1.1" 400 131
Not Found: /
"GET / HTTP/1.1" 404 179
Not Found: /favicon.ico
"GET /favicon.ico HTTP/1.1" 404 179
Not Found: /favicon.ico
"GET /favicon.ico HTTP/1.1" 404 179
Bad Request: /api/auth/register/
"POST /api/auth/register/ HTTP/1.1" 400 139
Bad Request: /api/auth/register/
"POST /api/auth/register/ HTTP/1.1" 400 45
"POST /api/auth/register/ HTTP/1.1" 201 896
"OPTIONS /api/dashboard/stats/ HTTP/1.1" 200 0
"OPTIONS /api/bookings/my-bookings/?limit=5 HTTP/1.1" 200 0
Not Found: /api/dashboard/stats/
"GET /api/dashboard/stats/ HTTP/1.1" 404 179
"OPTIONS /api/bookings/my-bookings/?limit=5 HTTP/1.1" 200 0
Not Found: /api/dashboard/stats/
"GET /api/dashboard/stats/ HTTP/1.1" 404 179
Not Found: /api/bookings/my-bookings/
"GET /api/bookings/my-bookings/?limit=5 HTTP/1.1" 404 179
Not Found: /api/bookings/my-bookings/
"GET /api/bookings/my-bookings/?limit=5 HTTP/1.1" 404 179
"OPTIONS /api/auth/login/ HTTP/1.1" 200 0
"POST /api/auth/login/ HTTP/1.1" 200 884
Not Found: /api/dashboard/stats/
Not Found: /api/bookings/my-bookings/
"GET /api/dashboard/stats/ HTTP/1.1" 404 179
"GET /api/bookings/my-bookings/?limit=5 HTTP/1.1" 404 179
Not Found: /api/bookings/my-bookings/
"GET /api/bookings/my-bookings/?limit=5 HTTP/1.1" 404 179
Not Found: /api/dashboard/stats/
"GET /api/dashboard/stats/ HTTP/1.1" 404 179
"OPTIONS /api/auth/user/ HTTP/1.1" 200 0
Not Found: /api/auth/user/
"OPTIONS /api/auth/user/ HTTP/1.1" 200 0
"GET /api/auth/user/ HTTP/1.1" 404 179
Not Found: /api/auth/user/
"GET /api/auth/user/ HTTP/1.1" 404 179
"OPTIONS /api/auth/login/ HTTP/1.1" 200 0
Bad Request: /api/auth/login/
"POST /api/auth/login/ HTTP/1.1" 400 45
"POST /api/auth/login/ HTTP/1.1" 200 884
"OPTIONS /api/dashboard/stats/ HTTP/1.1" 200 0
"OPTIONS /api/bookings/my-bookings/?limit=5 HTTP/1.1" 200 0
"OPTIONS /api/bookings/my-bookings/?limit=5 HTTP/1.1" 200 0
Not Found: /api/dashboard/stats/
Not Found: /api/bookings/my-bookings/
"GET /api/dashboard/stats/ HTTP/1.1" 404 179
"GET /api/bookings/my-bookings/?limit=5 HTTP/1.1" 404 179
Not Found: /api/dashboard/stats/
"GET /api/dashboard/stats/ HTTP/1.1" 404 179
Not Found: /api/bookings/my-bookings/
"GET /api/bookings/my-bookings/?limit=5 HTTP/1.1" 404 179
Not Found: /api/auth/user/
"GET /api/auth/user/ HTTP/1.1" 404 179
Not Found: /api/auth/user/
"GET /api/auth/user/ HTTP/1.1" 404 179
"OPTIONS /api/auth/login/ HTTP/1.1" 200 0
Bad Request: /api/auth/login/
"POST /api/auth/login/ HTTP/1.1" 400 45
Bad Request: /api/auth/login/
"POST /api/auth/login/ HTTP/1.1" 400 45
Bad Request: /api/auth/login/
"POST /api/auth/login/ HTTP/1.1" 400 45
"OPTIONS /api/auth/register/ HTTP/1.1" 200 0
"POST /api/auth/register/ HTTP/1.1" 201 883
"OPTIONS /api/dashboard/stats/ HTTP/1.1" 200 0
Not Found: /api/dashboard/stats/
"GET /api/dashboard/stats/ HTTP/1.1" 404 179
"OPTIONS /api/bookings/my-bookings/?limit=5 HTTP/1.1" 200 0
Not Found: /api/bookings/my-bookings/
Not Found: /api/dashboard/stats/
"GET /api/bookings/my-bookings/?limit=5 HTTP/1.1" 404 179
"OPTIONS /api/bookings/my-bookings/?limit=5 HTTP/1.1" 200 0
Not Found: /api/bookings/my-bookings/
"GET /api/bookings/my-bookings/?limit=5 HTTP/1.1" 404 179
"GET /api/dashboard/stats/ HTTP/1.1" 404 179
"POST /api/auth/login/ HTTP/1.1" 200 871
Not Found: /api/dashboard/stats/
Not Found: /api/bookings/my-bookings/
"GET /api/dashboard/stats/ HTTP/1.1" 404 179
"GET /api/bookings/my-bookings/?limit=5 HTTP/1.1" 404 179
Not Found: /api/dashboard/stats/
Not Found: /api/bookings/my-bookings/
"GET /api/dashboard/stats/ HTTP/1.1" 404 179
"GET /api/bookings/my-bookings/?limit=5 HTTP/1.1" 404 179
"OPTIONS /api/auth/user/ HTTP/1.1" 200 0
"OPTIONS /api/auth/user/ HTTP/1.1" 200 0
Not Found: /api/auth/user/
"GET /api/auth/user/ HTTP/1.1" 404 179
Not Found: /api/auth/user/
"GET /api/auth/user/ HTTP/1.1" 404 179
Bad Request: /api/auth/login/
"POST /api/auth/login/ HTTP/1.1" 400 45
"POST /api/auth/login/ HTTP/1.1" 200 871
Not Found: /api/dashboard/stats/
"GET /api/dashboard/stats/ HTTP/1.1" 404 179
Not Found: /api/dashboard/stats/
"GET /api/dashboard/stats/ HTTP/1.1" 404 179
Not Found: /api/bookings/my-bookings/
"GET /api/bookings/my-bookings/?limit=5 HTTP/1.1" 404 179
Not Found: /api/bookings/my-bookings/
"GET /api/bookings/my-bookings/?limit=5 HTTP/1.1" 404 179
"OPTIONS /api/transport/options/ HTTP/1.1" 200 0
"OPTIONS /api/transport/options/ HTTP/1.1" 200 0
"GET /api/transport/options/ HTTP/1.1" 200 52
"GET /api/transport/options/ HTTP/1.1" 200 52
Not Found: /api/dashboard/stats/
Not Found: /api/bookings/my-bookings/
"GET /api/dashboard/stats/ HTTP/1.1" 404 179
"GET /api/bookings/my-bookings/?limit=5 HTTP/1.1" 404 179
Not Found: /api/dashboard/stats/
"GET /api/dashboard/stats/ HTTP/1.1" 404 179
Not Found: /api/bookings/my-bookings/
"GET /api/bookings/my-bookings/?limit=5 HTTP/1.1" 404 179
"OPTIONS /api/bookings/my-bookings/ HTTP/1.1" 200 0
"OPTIONS /api/bookings/my-bookings/ HTTP/1.1" 200 0
Not Found: /api/bookings/my-bookings/
"GET /api/bookings/my-bookings/ HTTP/1.1" 404 179
Not Found: /api/bookings/my-bookings/
"GET /api/bookings/my-bookings/ HTTP/1.1" 404 179
Not Found: /api/dashboard/stats/
"GET /api/dashboard/stats/ HTTP/1.1" 404 179
Not Found: /api/bookings/my-bookings/
"GET /api/bookings/my-bookings/?limit=5 HTTP/1.1" 404 179
Not Found: /api/dashboard/stats/
"GET /api/dashboard/stats/ HTTP/1.1" 404 179
Not Found: /api/bookings/my-bookings/
"GET /api/bookings/my-bookings/?limit=5 HTTP/1.1" 404 179
