Watching for file changes with StatReloader
Not Found: /
"GET / HTTP/1.1" 404 2887
Not Found: /favicon.ico
"GET /favicon.ico HTTP/1.1" 404 2938
Not Found: /favicon.ico
"GET /favicon.ico HTTP/1.1" 404 2938
"GET /admin/ HTTP/1.1" 302 0
"GET /admin/login/?next=/admin/ HTTP/1.1" 200 4181
"GET /static/admin/css/base.css HTTP/1.1" 200 21207
"GET /static/admin/css/dark_mode.css HTTP/1.1" 200 2929
"GET /static/admin/css/login.css HTTP/1.1" 200 958
"GET /static/admin/js/theme.js HTTP/1.1" 200 1943
"GET /static/admin/js/nav_sidebar.js HTTP/1.1" 200 3063
"GET /static/admin/css/responsive.css HTTP/1.1" 200 18533
"GET /static/admin/css/nav_sidebar.css HTTP/1.1" 200 2694
Not Found: /favicon.ico
"GET /favicon.ico HTTP/1.1" 404 2938
"POST /admin/login/?next=/admin/ HTTP/1.1" 302 0
"GET /admin/ HTTP/1.1" 200 14146
"GET /static/admin/css/dashboard.css HTTP/1.1" 200 441
"GET /static/admin/img/icon-changelink.svg HTTP/1.1" 200 380
"GET /static/admin/img/icon-addlink.svg HTTP/1.1" 200 331
Not Found: /favicon.ico
"GET /favicon.ico HTTP/1.1" 404 2938
"GET /admin/payments/paymentmethod/ HTTP/1.1" 200 15558
"GET /static/admin/js/jquery.init.js HTTP/1.1" 200 347
"GET /static/admin/css/changelists.css HTTP/1.1" 200 6566
"GET /static/admin/js/core.js HTTP/1.1" 200 5682
"GET /admin/jsi18n/ HTTP/1.1" 200 3343
"GET /static/admin/js/vendor/jquery/jquery.js HTTP/1.1" 200 292458
"GET /static/admin/js/admin/RelatedObjectLookups.js HTTP/1.1" 200 8943
"GET /static/admin/js/actions.js HTTP/1.1" 200 7872
"GET /static/admin/js/urlify.js HTTP/1.1" 200 7887
"GET /static/admin/js/prepopulate.js HTTP/1.1" 200 1531
"GET /static/admin/js/vendor/xregexp/xregexp.js HTTP/1.1" 200 232381
"GET /static/admin/img/search.svg HTTP/1.1" 200 458
"GET /static/admin/js/filters.js HTTP/1.1" 200 978
"GET /static/admin/img/tooltag-add.svg HTTP/1.1" 200 331
Not Found: /favicon.ico
"GET /favicon.ico HTTP/1.1" 404 2938
"GET /admin/ HTTP/1.1" 200 14146
Method Not Allowed: /api/auth/register/
"GET /api/auth/register/ HTTP/1.1" 405 5658
"GET /static/rest_framework/css/bootstrap.min.css HTTP/1.1" 200 121457
"GET /static/rest_framework/css/bootstrap-tweaks.css HTTP/1.1" 200 3426
"GET /static/rest_framework/css/prettify.css HTTP/1.1" 200 817
"GET /static/rest_framework/css/default.css HTTP/1.1" 200 1152
"GET /static/rest_framework/js/jquery-3.7.1.min.js HTTP/1.1" 200 87533
"GET /static/rest_framework/js/csrf.js HTTP/1.1" 200 1793
"GET /static/rest_framework/js/bootstrap.min.js HTTP/1.1" 200 39680
"GET /static/rest_framework/js/ajax-form.js HTTP/1.1" 200 3796
"GET /static/rest_framework/js/prettify-min.js HTTP/1.1" 200 13632
"GET /static/rest_framework/js/default.js HTTP/1.1" 200 1268
"GET /static/rest_framework/js/load-ajax-form.js HTTP/1.1" 200 59
"GET /static/rest_framework/img/grid.png HTTP/1.1" 200 1458
Not Found: /favicon.ico
"GET /favicon.ico HTTP/1.1" 404 2938
Not Found: /favicon.ico
"GET /favicon.ico HTTP/1.1" 404 2938
"OPTIONS /api/auth/register/ HTTP/1.1" 200 5961
Bad Request: /api/auth/register/
"POST /api/auth/register/ HTTP/1.1" 400 5706
Bad Request: /api/auth/register/
"POST /api/auth/register/ HTTP/1.1" 400 271
Bad Request: /api/auth/register/
"POST /api/auth/register/ HTTP/1.1" 400 212
Bad Request: /api/auth/register/
"POST /api/auth/register/ HTTP/1.1" 400 131
Bad Request: /api/auth/register/
"POST /api/auth/register/ HTTP/1.1" 400 87
"POST /api/auth/register/ HTTP/1.1" 201 894
C:\Users\Dell\Documents\React\Sample\apps\users\models.py changed, reloading.
Watching for file changes with StatReloader
C:\Users\Dell\Documents\React\Sample\apps\users\models.py changed, reloading.
Watching for file changes with StatReloader
C:\Users\Dell\Documents\React\Sample\apps\users\models.py changed, reloading.
Watching for file changes with StatReloader
C:\Users\Dell\Documents\React\Sample\apps\users\models.py changed, reloading.
Watching for file changes with StatReloader
C:\Users\Dell\Documents\React\Sample\apps\users\models.py changed, reloading.
Watching for file changes with StatReloader
C:\Users\Dell\Documents\React\Sample\apps\users\models.py changed, reloading.
Watching for file changes with StatReloader
C:\Users\Dell\Documents\React\Sample\apps\users\models.py changed, reloading.
Watching for file changes with StatReloader
C:\Users\Dell\Documents\React\Sample\apps\users\models.py changed, reloading.
Watching for file changes with StatReloader
C:\Users\Dell\Documents\React\Sample\apps\users\models.py changed, reloading.
Watching for file changes with StatReloader
C:\Users\Dell\Documents\React\Sample\apps\users\models.py changed, reloading.
Watching for file changes with StatReloader
C:\Users\Dell\Documents\React\Sample\apps\users\models.py changed, reloading.
Watching for file changes with StatReloader
Watching for file changes with StatReloader
Watching for file changes with StatReloader
Watching for file changes with StatReloader
Not Found: /
"GET / HTTP/1.1" 404 2887
Not Found: /favicon.ico
"GET /favicon.ico HTTP/1.1" 404 2938
Not Found: /favicon.ico
"GET /favicon.ico HTTP/1.1" 404 2938
Not Found: /auth
"GET /auth HTTP/1.1" 404 2917
Not Found: /favicon.ico
"GET /favicon.ico HTTP/1.1" 404 2938
"GET /admin/ HTTP/1.1" 200 14146
"GET /static/admin/css/dark_mode.css HTTP/1.1" 200 2929
"GET /static/admin/js/theme.js HTTP/1.1" 200 1943
"GET /static/admin/css/base.css HTTP/1.1" 200 21207
"GET /static/admin/css/responsive.css HTTP/1.1" 200 18533
"GET /static/admin/js/nav_sidebar.js HTTP/1.1" 200 3063
"GET /static/admin/css/nav_sidebar.css HTTP/1.1" 200 2694
"GET /static/admin/css/dashboard.css HTTP/1.1" 200 441
"GET /static/admin/img/icon-addlink.svg HTTP/1.1" 200 331
"GET /static/admin/img/icon-changelink.svg HTTP/1.1" 200 380
Not Found: /favicon.ico
"GET /favicon.ico HTTP/1.1" 404 2938
Not Found: /api/auth
"GET /api/auth HTTP/1.1" 404 2929
Not Found: /favicon.ico
"GET /favicon.ico HTTP/1.1" 404 2938
Not Found: /api/transport
"GET /api/transport HTTP/1.1" 404 2944
Not Found: /favicon.ico
"GET /favicon.ico HTTP/1.1" 404 2938
Bad Request: /api/auth/register/
"POST /api/auth/register/ HTTP/1.1" 400 127
"POST /api/auth/register/ HTTP/1.1" 201 893
"POST /api/auth/login/ HTTP/1.1" 200 881
"POST /api/auth/login/ HTTP/1.1" 200 881
"POST /api/auth/login/ HTTP/1.1" 200 881
Not Found: /api/auth/booking/create
"POST /api/auth/booking/create HTTP/1.1" 404 4618
Not Found: /api/auth/booking/create
"POST /api/auth/booking/create HTTP/1.1" 404 4618
Not Found: /api/auth/bookings/create
"POST /api/auth/bookings/create HTTP/1.1" 404 4621
Not Found: /api/auth/bookings/create
"POST /api/auth/bookings/create HTTP/1.1" 404 4621
Watching for file changes with StatReloader
Not Found: /api/auth/bookings/create
"POST /api/auth/bookings/create HTTP/1.1" 404 179
Not Found: /api/auth/bookings/create
"POST /api/auth/bookings/create HTTP/1.1" 404 179
"POST /api/auth/login/ HTTP/1.1" 200 881
"POST /api/auth/login/ HTTP/1.1" 200 881
Method Not Allowed: /api/auth/login/
"GET /api/auth/login/ HTTP/1.1" 405 40
Method Not Allowed: /api/auth/login/
"GET /api/auth/login/ HTTP/1.1" 405 40
"POST /api/auth/login/ HTTP/1.1" 200 881
Bad Request: /api/bookings/create/
"POST /api/bookings/create/ HTTP/1.1" 400 136
Bad Request: /api/bookings/create/
"POST /api/bookings/create/ HTTP/1.1" 400 128
C:\Users\Dell\Documents\React\Sample\apps\bookings\models.py changed, reloading.
Watching for file changes with StatReloader
Bad Request: /api/bookings/create/
"POST /api/bookings/create/ HTTP/1.1" 400 63
C:\Users\Dell\Documents\React\Sample\apps\bookings\models.py changed, reloading.
Watching for file changes with StatReloader
Not Found: /api/admin
"GET /api/admin HTTP/1.1" 404 179
Not Found: /favicon.ico
"GET /favicon.ico HTTP/1.1" 404 179
Watching for file changes with StatReloader
Not Found: /
"GET / HTTP/1.1" 404 179
Not Found: /favicon.ico
"GET /favicon.ico HTTP/1.1" 404 179
Not Found: /
"GET / HTTP/1.1" 404 179
Not Found: /favicon.ico
"GET /favicon.ico HTTP/1.1" 404 179
C:\Users\Dell\Documents\React\Sample\apps\bookings\models.py changed, reloading.
Watching for file changes with StatReloader
C:\Users\Dell\Documents\React\Sample\apps\bookings\models.py changed, reloading.
Watching for file changes with StatReloader
Watching for file changes with StatReloader
Not Found: /
"GET / HTTP/1.1" 404 179
Not Found: /favicon.ico
"GET /favicon.ico HTTP/1.1" 404 179
Not Found: /
"GET / HTTP/1.1" 404 179
Not Found: /favicon.ico
"GET /favicon.ico HTTP/1.1" 404 179
"GET /admin/ HTTP/1.1" 200 14146
Not Found: /favicon.ico
"GET /favicon.ico HTTP/1.1" 404 179
"GET /admin/password_change/ HTTP/1.1" 200 13092
Not Found: /static/admin/css/forms.css
"GET /static/admin/css/forms.css HTTP/1.1" 404 179
Not Found: /favicon.ico
"GET /favicon.ico HTTP/1.1" 404 179
"GET /admin/ HTTP/1.1" 200 14146
Not Found: /favicon.ico
"GET /favicon.ico HTTP/1.1" 404 179
Watching for file changes with StatReloader
"GET /admin/ HTTP/1.1" 200 14146
Not Found: /favicon.ico
"GET /favicon.ico HTTP/1.1" 404 179
Watching for file changes with StatReloader
Not Found: /
"GET / HTTP/1.1" 404 179
Not Found: /favicon.ico
"GET /favicon.ico HTTP/1.1" 404 179
"GET /admin/ HTTP/1.1" 200 14146
Not Found: /favicon.ico
"GET /favicon.ico HTTP/1.1" 404 179
C:\Users\Dell\Documents\React\Sample\apps\bookings\models.py changed, reloading.
Watching for file changes with StatReloader
Watching for file changes with StatReloader
Not Found: /
"GET / HTTP/1.1" 404 179
Not Found: /favicon.ico
"GET /favicon.ico HTTP/1.1" 404 179
"GET /admin/ HTTP/1.1" 200 14146
Not Found: /favicon.ico
"GET /favicon.ico HTTP/1.1" 404 179
C:\Users\Dell\Documents\React\Sample\apps\bookings\models.py changed, reloading.
Watching for file changes with StatReloader
C:\Users\Dell\Documents\React\Sample\apps\bookings\models.py changed, reloading.
Watching for file changes with StatReloader
C:\Users\Dell\Documents\React\Sample\apps\bookings\models.py changed, reloading.
Watching for file changes with StatReloader
C:\Users\Dell\Documents\React\Sample\apps\bookings\models.py changed, reloading.
Watching for file changes with StatReloader
C:\Users\Dell\Documents\React\Sample\apps\bookings\models.py changed, reloading.
Watching for file changes with StatReloader
C:\Users\Dell\Documents\React\Sample\apps\bookings\models.py changed, reloading.
Watching for file changes with StatReloader
C:\Users\Dell\Documents\React\Sample\apps\bookings\models.py changed, reloading.
Watching for file changes with StatReloader
"GET /admin/ HTTP/1.1" 200 14146
"GET /admin/ HTTP/1.1" 200 14146
"GET /admin HTTP/1.1" 301 0
"GET /admin/ HTTP/1.1" 200 14146
"GET /admin/ HTTP/1.1" 200 14146
C:\Users\Dell\Documents\React\Sample\manage.py changed, reloading.
Watching for file changes with StatReloader
Not Found: /
"GET / HTTP/1.1" 404 179
Not Found: /favicon.ico
"GET /favicon.ico HTTP/1.1" 404 179
"GET /admin/ HTTP/1.1" 302 0
"GET /admin/login/?next=/admin/ HTTP/1.1" 200 4181
Not Found: /static/admin/css/base.css
Not Found: /static/admin/css/dark_mode.css
"GET /static/admin/css/base.css HTTP/1.1" 404 179
"GET /static/admin/css/dark_mode.css HTTP/1.1" 404 179
Not Found: /static/admin/css/nav_sidebar.css
Not Found: /static/admin/css/login.css
"GET /static/admin/css/login.css HTTP/1.1" 404 179
"GET /static/admin/css/nav_sidebar.css HTTP/1.1" 404 179
Not Found: /static/admin/css/responsive.css
"GET /static/admin/css/responsive.css HTTP/1.1" 404 179
Not Found: /static/admin/js/theme.js
Not Found: /static/admin/js/nav_sidebar.js
"GET /static/admin/js/theme.js HTTP/1.1" 404 179
"GET /static/admin/js/nav_sidebar.js HTTP/1.1" 404 179
Not Found: /favicon.ico
"GET /favicon.ico HTTP/1.1" 404 179
"POST /admin/login/?next=/admin/ HTTP/1.1" 302 0
"GET /admin/ HTTP/1.1" 200 14148
Not Found: /static/admin/css/base.css
Not Found: /static/admin/css/dark_mode.css
Not Found: /static/admin/css/nav_sidebar.css
"GET /static/admin/css/base.css HTTP/1.1" 404 179
"GET /static/admin/css/dark_mode.css HTTP/1.1" 404 179
Not Found: /static/admin/css/responsive.css
"GET /static/admin/css/nav_sidebar.css HTTP/1.1" 404 179
Not Found: /static/admin/css/dashboard.css
Not Found: /static/admin/js/theme.js
Not Found: /static/admin/js/nav_sidebar.js
"GET /static/admin/css/responsive.css HTTP/1.1" 404 179
"GET /static/admin/css/dashboard.css HTTP/1.1" 404 179
"GET /static/admin/js/theme.js HTTP/1.1" 404 179
"GET /static/admin/js/nav_sidebar.js HTTP/1.1" 404 179
Not Found: /favicon.ico
"GET /favicon.ico HTTP/1.1" 404 179
"GET /admin/ HTTP/1.1" 200 14148
Not Found: /static/admin/css/base.css
Not Found: /static/admin/css/dark_mode.css
Not Found: /static/admin/css/nav_sidebar.css
Not Found: /static/admin/css/dashboard.css
Not Found: /static/admin/css/responsive.css
Not Found: /static/admin/js/theme.js
"GET /static/admin/css/base.css HTTP/1.1" 404 179
"GET /static/admin/css/dark_mode.css HTTP/1.1" 404 179
"GET /static/admin/css/nav_sidebar.css HTTP/1.1" 404 179
"GET /static/admin/css/dashboard.css HTTP/1.1" 404 179
"GET /static/admin/css/responsive.css HTTP/1.1" 404 179
"GET /static/admin/js/theme.js HTTP/1.1" 404 179
Not Found: /static/admin/js/nav_sidebar.js
"GET /static/admin/js/nav_sidebar.js HTTP/1.1" 404 179
Not Found: /favicon.ico
"GET /favicon.ico HTTP/1.1" 404 179
"GET /admin/ HTTP/1.1" 200 14148
Not Found: /static/admin/css/base.css
"GET /static/admin/css/base.css HTTP/1.1" 404 179
Not Found: /static/admin/css/dark_mode.css
Not Found: /static/admin/css/nav_sidebar.css
Not Found: /static/admin/css/dashboard.css
Not Found: /static/admin/js/theme.js
Not Found: /static/admin/css/responsive.css
"GET /static/admin/css/dark_mode.css HTTP/1.1" 404 179
"GET /static/admin/css/nav_sidebar.css HTTP/1.1" 404 179
"GET /static/admin/css/dashboard.css HTTP/1.1" 404 179
"GET /static/admin/js/theme.js HTTP/1.1" 404 179
"GET /static/admin/css/responsive.css HTTP/1.1" 404 179
Not Found: /static/admin/js/nav_sidebar.js
"GET /static/admin/js/nav_sidebar.js HTTP/1.1" 404 179
Not Found: /favicon.ico
"GET /favicon.ico HTTP/1.1" 404 179
